<?xml version="1.0" encoding="UTF-8"?>
<testsuite xmlns:xsi="http://www.w3.org/2001/XMLSchema-instance" xsi:noNamespaceSchemaLocation="https://maven.apache.org/surefire/maven-surefire-plugin/xsd/surefire-test-report-3.0.xsd" version="3.0" name="TestSuite" time="1.137" tests="14" errors="0" skipped="0" failures="2">
  <properties>
[...]
</properties>
  <testcase name="sumDoubleValuesTest[1.9459492560311125E307, 7.752265408975291E307](1)" classname="hw1.arithmetic.SumOperationTest" time="0.007"/>
  <testcase name="sumDoubleValuesTest[1.23, 3.45](2)" classname="hw1.arithmetic.SumOperationTest" time="0"/>
  <testcase name="sumLongValuesTest[2688684525119194451, 3054150463328436142](1)" classname="hw1.arithmetic.SumOperationTest" time="0.001"/>
  <testcase name="sumDoubleValuesTest[3.935083186914386E307, 8.70816547437295E307](1)" classname="hw1.arithmetic.SubOperationTest" time="0"/>
  <testcase name="sumDoubleValuesTest[1.23, 3.45](2)" classname="hw1.arithmetic.SubOperationTest" time="0"/>
  <testcase name="sumLongValuesTest[4093533715620385675, 1943954211575181171](1)" classname="hw1.arithmetic.SubOperationTest" time="0"/>
  <testcase name="multDoubleValuesTest[0.3068961271053483, 1.7976931348623157E308](1)" classname="hw1.arithmetic.MultOperationTest" time="0.001"/>
  <testcase name="multDoubleValuesTest[1.23, 3.45](2)" classname="hw1.arithmetic.MultOperationTest" time="0.006">
    <failure message="expected [4.2435] but found [4.0]" type="java.lang.AssertionError"><![CDATA[java.lang.AssertionError: expected [4.2435] but found [4.0]
	at hw1.arithmetic.MultOperationTest.multDoubleValuesTest(MultOperationTest.java:25)
]]></failure>
  </testcase>
  <testcase name="multLongValuesTest[5046503101286734565, 0](1)" classname="hw1.arithmetic.MultOperationTest" time="0"/>
  <testcase name="divByZeroForDoubleValuesTest" classname="hw1.arithmetic.DivOperationTest" time="0.003">
    <failure message="Expected Throwable to be thrown, but nothing was thrown" type="java.lang.AssertionError"><![CDATA[java.lang.AssertionError: Expected Throwable to be thrown, but nothing was thrown
	at hw1.arithmetic.DivOperationTest.divByZeroForDoubleValuesTest(DivOperationTest.java:19)
]]></failure>
  </testcase>
  <testcase name="divByZeroForLongValuesTest" classname="hw1.arithmetic.DivOperationTest" time="0.001"/>
  <testcase name="divDoubleValuesTest[0.9833089970561824, 5.275718289990047E307](1)" classname="hw1.arithmetic.DivOperationTest" time="0"/>
  <testcase name="divDoubleValuesTest[1.23, 3.45](2)" classname="hw1.arithmetic.DivOperationTest" time="0"/>
  <testcase name="divLongValuesTest[4532321499626064221, 8874282346471375585](1)" classname="hw1.arithmetic.DivOperationTest" time="0"/>
</testsuite>