<?xml version="1.0" encoding="UTF-8"?>
<testsuite xmlns:xsi="http://www.w3.org/2001/XMLSchema-instance" xsi:noNamespaceSchemaLocation="https://maven.apache.org/surefire/maven-surefire-plugin/xsd/surefire-test-report.xsd" name="TestSuite" time="100.769" tests="22" errors="0" skipped="0" failures="0">
  <properties>
[...]
</properties>
  <testcase name="runScenario" classname="hw3.RunTestEx1" time="4.571"/>
  <testcase name="runScenario" classname="hw3.RunTestEx1" time="3.381"/>
  <testcase name="runScenario" classname="hw3.RunTestEx1" time="4.918"/>
  <testcase name="runScenario" classname="hw3.RunTestEx1" time="4.09"/>
  <testcase name="runScenario" classname="hw3.RunTestEx1" time="3.762"/>
  <testcase name="runScenario" classname="hw3.RunTestEx1" time="4.645"/>
  <testcase name="runScenario" classname="hw3.RunTestEx1" time="3.681"/>
  <testcase name="runScenario" classname="hw3.RunTestEx1" time="3.517"/>
  <testcase name="runScenario" classname="hw3.RunTestEx1" time="4.848"/>
  <testcase name="runScenario" classname="hw3.RunTestEx1" time="4.157"/>
  <testcase name="runScenario" classname="hw3.RunTestEx1" time="5.562"/>
  <testcase name="runScenario" classname="hw3.RunTestEx1" time="3.713"/>
  <testcase name="runScenario" classname="hw3.RunTestEx2" time="4.923"/>
  <testcase name="runScenario" classname="hw3.RunTestEx2" time="3.6"/>
  <testcase name="runScenario" classname="hw3.RunTestEx2" time="5.575"/>
  <testcase name="runScenario" classname="hw3.RunTestEx2" time="4.145"/>
  <testcase name="runScenario" classname="hw3.RunTestEx2" time="4.488"/>
  <testcase name="runScenario" classname="hw3.RunTestEx2" time="4.438"/>
  <testcase name="runScenario" classname="hw3.RunTestEx2" time="5.94"/>
  <testcase name="runScenario" classname="hw3.RunTestEx2" time="4.674"/>
  <testcase name="runScenario" classname="hw3.RunTestEx2" time="5.622"/>
  <testcase name="runScenario" classname="hw3.RunTestEx2" time="3.455"/>
</testsuite>