<?xml version="1.0" encoding="UTF-8"?>
<testng-results ignored="0" total="22" passed="22" failed="0" skipped="0">
  <reporter-output>
  </reporter-output>
  <suite started-at="2021-05-13T16:29:03Z" name="hw3Suite" finished-at="2021-05-13T16:30:42Z" duration-ms="99544">
    <groups>
      <group name="cucumber">
        <method signature="AbstractTestNGCucumberTests.runScenario(io.cucumber.testng.PickleWrapper, io.cucumber.testng.FeatureWrapper)[pri:0, instance:hw3.RunTestEx1@7fb4f2a9]" name="runScenario" class="io.cucumber.testng.AbstractTestNGCucumberTests"/>
        <method signature="AbstractTestNGCucumberTests.runScenario(io.cucumber.testng.PickleWrapper, io.cucumber.testng.FeatureWrapper)[pri:0, instance:hw3.RunTestEx2@4dc27487]" name="runScenario" class="io.cucumber.testng.AbstractTestNGCucumberTests"/>
      </group> <!-- cucumber -->
    </groups>
    <test started-at="2021-05-13T16:29:03Z" name="hw3" finished-at="2021-05-13T16:30:42Z" duration-ms="99544">
      <class name="hw3.RunTestEx1">
        <test-method is-config="true" signature="setUpClass()[pri:0, instance:hw3.RunTestEx1@7fb4f2a9]" started-at="2021-05-13T19:29:03Z" name="setUpClass" finished-at="2021-05-13T19:29:03Z" duration-ms="615" status="PASS">
          <reporter-output>
          </reporter-output>
        </test-method> <!-- setUpClass -->
        <test-method signature="runScenario(io.cucumber.testng.PickleWrapper, io.cucumber.testng.FeatureWrapper)[pri:0, instance:hw3.RunTestEx1@7fb4f2a9]" started-at="2021-05-13T19:29:03Z" name="runScenario" description="Runs Cucumber Scenarios" data-provider="scenarios" finished-at="2021-05-13T19:29:08Z" duration-ms="4571" status="PASS">
          <params>
            <param index="0">
              <value>
                <![CDATA["Assert username"]]>
              </value>
            </param>
            <param index="1">
              <value>
                <![CDATA["Optional[feature file for exercise 1]"]]>
              </value>
            </param>
          </params>
          <reporter-output>
          </reporter-output>
        </test-method> <!-- runScenario -->
        <test-method signature="runScenario(io.cucumber.testng.PickleWrapper, io.cucumber.testng.FeatureWrapper)[pri:0, instance:hw3.RunTestEx1@7fb4f2a9]" started-at="2021-05-13T19:29:08Z" name="runScenario" description="Runs Cucumber Scenarios" data-provider="scenarios" finished-at="2021-05-13T19:29:11Z" duration-ms="3380" status="PASS">
          <params>
            <param index="0">
              <value>
                <![CDATA["Assert browser title"]]>
              </value>
            </param>
            <param index="1">
              <value>
                <![CDATA["Optional[feature file for exercise 1]"]]>
              </value>
            </param>
          </params>
          <reporter-output>
          </reporter-output>
        </test-method> <!-- runScenario -->
        <test-method signature="runScenario(io.cucumber.testng.PickleWrapper, io.cucumber.testng.FeatureWrapper)[pri:0, instance:hw3.RunTestEx1@7fb4f2a9]" started-at="2021-05-13T19:29:11Z" name="runScenario" description="Runs Cucumber Scenarios" data-provider="scenarios" finished-at="2021-05-13T19:29:16Z" duration-ms="4917" status="PASS">
          <params>
            <param index="0">
              <value>
                <![CDATA["Assert header sections"]]>
              </value>
            </param>
            <param index="1">
              <value>
                <![CDATA["Optional[feature file for exercise 1]"]]>
              </value>
            </param>
          </params>
          <reporter-output>
          </reporter-output>
        </test-method> <!-- runScenario -->
        <test-method signature="runScenario(io.cucumber.testng.PickleWrapper, io.cucumber.testng.FeatureWrapper)[pri:0, instance:hw3.RunTestEx1@7fb4f2a9]" started-at="2021-05-13T19:29:16Z" name="runScenario" description="Runs Cucumber Scenarios" data-provider="scenarios" finished-at="2021-05-13T19:29:20Z" duration-ms="4091" status="PASS">
          <params>
            <param index="0">
              <value>
                <![CDATA["Assert images"]]>
              </value>
            </param>
            <param index="1">
              <value>
                <![CDATA["Optional[feature file for exercise 1]"]]>
              </value>
            </param>
          </params>
          <reporter-output>
          </reporter-output>
        </test-method> <!-- runScenario -->
        <test-method signature="runScenario(io.cucumber.testng.PickleWrapper, io.cucumber.testng.FeatureWrapper)[pri:0, instance:hw3.RunTestEx1@7fb4f2a9]" started-at="2021-05-13T19:29:20Z" name="runScenario" description="Runs Cucumber Scenarios" data-provider="scenarios" finished-at="2021-05-13T19:29:24Z" duration-ms="3763" status="PASS">
          <params>
            <param index="0">
              <value>
                <![CDATA["Assert texts below images"]]>
              </value>
            </param>
            <param index="1">
              <value>
                <![CDATA["Optional[feature file for exercise 1]"]]>
              </value>
            </param>
          </params>
          <reporter-output>
          </reporter-output>
        </test-method> <!-- runScenario -->
        <test-method signature="runScenario(io.cucumber.testng.PickleWrapper, io.cucumber.testng.FeatureWrapper)[pri:0, instance:hw3.RunTestEx1@7fb4f2a9]" started-at="2021-05-13T19:29:24Z" name="runScenario" description="Runs Cucumber Scenarios" data-provider="scenarios" finished-at="2021-05-13T19:29:29Z" duration-ms="4646" status="PASS">
          <params>
            <param index="0">
              <value>
                <![CDATA["Assert main header"]]>
              </value>
            </param>
            <param index="1">
              <value>
                <![CDATA["Optional[feature file for exercise 1]"]]>
              </value>
            </param>
          </params>
          <reporter-output>
          </reporter-output>
        </test-method> <!-- runScenario -->
        <test-method signature="runScenario(io.cucumber.testng.PickleWrapper, io.cucumber.testng.FeatureWrapper)[pri:0, instance:hw3.RunTestEx1@7fb4f2a9]" started-at="2021-05-13T19:29:29Z" name="runScenario" description="Runs Cucumber Scenarios" data-provider="scenarios" finished-at="2021-05-13T19:29:33Z" duration-ms="3681" status="PASS">
          <params>
            <param index="0">
              <value>
                <![CDATA["Assert the iframe"]]>
              </value>
            </param>
            <param index="1">
              <value>
                <![CDATA["Optional[feature file for exercise 1]"]]>
              </value>
            </param>
          </params>
          <reporter-output>
          </reporter-output>
        </test-method> <!-- runScenario -->
        <test-method signature="runScenario(io.cucumber.testng.PickleWrapper, io.cucumber.testng.FeatureWrapper)[pri:0, instance:hw3.RunTestEx1@7fb4f2a9]" started-at="2021-05-13T19:29:33Z" name="runScenario" description="Runs Cucumber Scenarios" data-provider="scenarios" finished-at="2021-05-13T19:29:36Z" duration-ms="3517" status="PASS">
          <params>
            <param index="0">
              <value>
                <![CDATA["Assert sub header"]]>
              </value>
            </param>
            <param index="1">
              <value>
                <![CDATA["Optional[feature file for exercise 1]"]]>
              </value>
            </param>
          </params>
          <reporter-output>
          </reporter-output>
        </test-method> <!-- runScenario -->
        <test-method signature="runScenario(io.cucumber.testng.PickleWrapper, io.cucumber.testng.FeatureWrapper)[pri:0, instance:hw3.RunTestEx1@7fb4f2a9]" started-at="2021-05-13T19:29:36Z" name="runScenario" description="Runs Cucumber Scenarios" data-provider="scenarios" finished-at="2021-05-13T19:29:41Z" duration-ms="4848" status="PASS">
          <params>
            <param index="0">
              <value>
                <![CDATA["Assert "JDI GITHUB" block"]]>
              </value>
            </param>
            <param index="1">
              <value>
                <![CDATA["Optional[feature file for exercise 1]"]]>
              </value>
            </param>
          </params>
          <reporter-output>
          </reporter-output>
        </test-method> <!-- runScenario -->
        <test-method signature="runScenario(io.cucumber.testng.PickleWrapper, io.cucumber.testng.FeatureWrapper)[pri:0, instance:hw3.RunTestEx1@7fb4f2a9]" started-at="2021-05-13T19:29:41Z" name="runScenario" description="Runs Cucumber Scenarios" data-provider="scenarios" finished-at="2021-05-13T19:29:45Z" duration-ms="4153" status="PASS">
          <params>
            <param index="0">
              <value>
                <![CDATA["Assert Left Section"]]>
              </value>
            </param>
            <param index="1">
              <value>
                <![CDATA["Optional[feature file for exercise 1]"]]>
              </value>
            </param>
          </params>
          <reporter-output>
          </reporter-output>
        </test-method> <!-- runScenario -->
        <test-method signature="runScenario(io.cucumber.testng.PickleWrapper, io.cucumber.testng.FeatureWrapper)[pri:0, instance:hw3.RunTestEx1@7fb4f2a9]" started-at="2021-05-13T19:29:45Z" name="runScenario" description="Runs Cucumber Scenarios" data-provider="scenarios" finished-at="2021-05-13T19:29:51Z" duration-ms="5562" status="PASS">
          <params>
            <param index="0">
              <value>
                <![CDATA["Assert Footer"]]>
              </value>
            </param>
            <param index="1">
              <value>
                <![CDATA["Optional[feature file for exercise 1]"]]>
              </value>
            </param>
          </params>
          <reporter-output>
          </reporter-output>
        </test-method> <!-- runScenario -->
        <test-method signature="runScenario(io.cucumber.testng.PickleWrapper, io.cucumber.testng.FeatureWrapper)[pri:0, instance:hw3.RunTestEx1@7fb4f2a9]" started-at="2021-05-13T19:29:51Z" name="runScenario" description="Runs Cucumber Scenarios" data-provider="scenarios" finished-at="2021-05-13T19:29:55Z" duration-ms="3712" status="PASS">
          <params>
            <param index="0">
              <value>
                <![CDATA["Close browser"]]>
              </value>
            </param>
            <param index="1">
              <value>
                <![CDATA["Optional[feature file for exercise 1]"]]>
              </value>
            </param>
          </params>
          <reporter-output>
          </reporter-output>
        </test-method> <!-- runScenario -->
        <test-method is-config="true" signature="tearDownClass()[pri:0, instance:hw3.RunTestEx1@7fb4f2a9]" started-at="2021-05-13T19:29:55Z" name="tearDownClass" finished-at="2021-05-13T19:29:55Z" duration-ms="320" status="PASS">
          <reporter-output>
          </reporter-output>
        </test-method> <!-- tearDownClass -->
      </class> <!-- hw3.RunTestEx1 -->
      <class name="hw3.RunTestEx2">
        <test-method is-config="true" signature="setUpClass()[pri:0, instance:hw3.RunTestEx2@4dc27487]" started-at="2021-05-13T19:29:55Z" name="setUpClass" finished-at="2021-05-13T19:29:55Z" duration-ms="130" status="PASS">
          <reporter-output>
          </reporter-output>
        </test-method> <!-- setUpClass -->
        <test-method signature="runScenario(io.cucumber.testng.PickleWrapper, io.cucumber.testng.FeatureWrapper)[pri:0, instance:hw3.RunTestEx2@4dc27487]" started-at="2021-05-13T19:29:55Z" name="runScenario" description="Runs Cucumber Scenarios" data-provider="scenarios" finished-at="2021-05-13T19:30:00Z" duration-ms="4923" status="PASS">
          <params>
            <param index="0">
              <value>
                <![CDATA["Assert username"]]>
              </value>
            </param>
            <param index="1">
              <value>
                <![CDATA["Optional[feature file for exercise 2]"]]>
              </value>
            </param>
          </params>
          <reporter-output>
          </reporter-output>
        </test-method> <!-- runScenario -->
        <test-method signature="runScenario(io.cucumber.testng.PickleWrapper, io.cucumber.testng.FeatureWrapper)[pri:0, instance:hw3.RunTestEx2@4dc27487]" started-at="2021-05-13T19:30:00Z" name="runScenario" description="Runs Cucumber Scenarios" data-provider="scenarios" finished-at="2021-05-13T19:30:04Z" duration-ms="3598" status="PASS">
          <params>
            <param index="0">
              <value>
                <![CDATA["Assert browser title"]]>
              </value>
            </param>
            <param index="1">
              <value>
                <![CDATA["Optional[feature file for exercise 2]"]]>
              </value>
            </param>
          </params>
          <reporter-output>
          </reporter-output>
        </test-method> <!-- runScenario -->
        <test-method signature="runScenario(io.cucumber.testng.PickleWrapper, io.cucumber.testng.FeatureWrapper)[pri:0, instance:hw3.RunTestEx2@4dc27487]" started-at="2021-05-13T19:30:04Z" name="runScenario" description="Runs Cucumber Scenarios" data-provider="scenarios" finished-at="2021-05-13T19:30:09Z" duration-ms="5577" status="PASS">
          <params>
            <param index="0">
              <value>
                <![CDATA["Assert the top "Service" subcategory"]]>
              </value>
            </param>
            <param index="1">
              <value>
                <![CDATA["Optional[feature file for exercise 2]"]]>
              </value>
            </param>
          </params>
          <reporter-output>
          </reporter-output>
        </test-method> <!-- runScenario -->
        <test-method signature="runScenario(io.cucumber.testng.PickleWrapper, io.cucumber.testng.FeatureWrapper)[pri:0, instance:hw3.RunTestEx2@4dc27487]" started-at="2021-05-13T19:30:09Z" name="runScenario" description="Runs Cucumber Scenarios" data-provider="scenarios" finished-at="2021-05-13T19:30:13Z" duration-ms="4144" status="PASS">
          <params>
            <param index="0">
              <value>
                <![CDATA["Assert the left "Service" subcategory"]]>
              </value>
            </param>
            <param index="1">
              <value>
                <![CDATA["Optional[feature file for exercise 2]"]]>
              </value>
            </param>
          </params>
          <reporter-output>
          </reporter-output>
        </test-method> <!-- runScenario -->
        <test-method signature="runScenario(io.cucumber.testng.PickleWrapper, io.cucumber.testng.FeatureWrapper)[pri:0, instance:hw3.RunTestEx2@4dc27487]" started-at="2021-05-13T19:30:13Z" name="runScenario" description="Runs Cucumber Scenarios" data-provider="scenarios" finished-at="2021-05-13T19:30:18Z" duration-ms="4487" status="PASS">
          <params>
            <param index="0">
              <value>
                <![CDATA["Assert elements"]]>
              </value>
            </param>
            <param index="1">
              <value>
                <![CDATA["Optional[feature file for exercise 2]"]]>
              </value>
            </param>
          </params>
          <reporter-output>
          </reporter-output>
        </test-method> <!-- runScenario -->
        <test-method signature="runScenario(io.cucumber.testng.PickleWrapper, io.cucumber.testng.FeatureWrapper)[pri:0, instance:hw3.RunTestEx2@4dc27487]" started-at="2021-05-13T19:30:18Z" name="runScenario" description="Runs Cucumber Scenarios" data-provider="scenarios" finished-at="2021-05-13T19:30:22Z" duration-ms="4437" status="PASS">
          <params>
            <param index="0">
              <value>
                <![CDATA["Assert Right and Left Section"]]>
              </value>
            </param>
            <param index="1">
              <value>
                <![CDATA["Optional[feature file for exercise 2]"]]>
              </value>
            </param>
          </params>
          <reporter-output>
          </reporter-output>
        </test-method> <!-- runScenario -->
        <test-method signature="runScenario(io.cucumber.testng.PickleWrapper, io.cucumber.testng.FeatureWrapper)[pri:0, instance:hw3.RunTestEx2@4dc27487]" started-at="2021-05-13T19:30:22Z" name="runScenario" description="Runs Cucumber Scenarios" data-provider="scenarios" finished-at="2021-05-13T19:30:28Z" duration-ms="5939" status="PASS">
          <params>
            <param index="0">
              <value>
                <![CDATA["Select checkboxes"]]>
              </value>
            </param>
            <param index="1">
              <value>
                <![CDATA["Optional[feature file for exercise 2]"]]>
              </value>
            </param>
          </params>
          <reporter-output>
          </reporter-output>
        </test-method> <!-- runScenario -->
        <test-method signature="runScenario(io.cucumber.testng.PickleWrapper, io.cucumber.testng.FeatureWrapper)[pri:0, instance:hw3.RunTestEx2@4dc27487]" started-at="2021-05-13T19:30:28Z" name="runScenario" description="Runs Cucumber Scenarios" data-provider="scenarios" finished-at="2021-05-13T19:30:33Z" duration-ms="4673" status="PASS">
          <params>
            <param index="0">
              <value>
                <![CDATA["Select radio"]]>
              </value>
            </param>
            <param index="1">
              <value>
                <![CDATA["Optional[feature file for exercise 2]"]]>
              </value>
            </param>
          </params>
          <reporter-output>
          </reporter-output>
        </test-method> <!-- runScenario -->
        <test-method signature="runScenario(io.cucumber.testng.PickleWrapper, io.cucumber.testng.FeatureWrapper)[pri:0, instance:hw3.RunTestEx2@4dc27487]" started-at="2021-05-13T19:30:33Z" name="runScenario" description="Runs Cucumber Scenarios" data-provider="scenarios" finished-at="2021-05-13T19:30:39Z" duration-ms="5622" status="PASS">
          <params>
            <param index="0">
              <value>
                <![CDATA["Select in dropdown"]]>
              </value>
            </param>
            <param index="1">
              <value>
                <![CDATA["Optional[feature file for exercise 2]"]]>
              </value>
            </param>
          </params>
          <reporter-output>
          </reporter-output>
        </test-method> <!-- runScenario -->
        <test-method signature="runScenario(io.cucumber.testng.PickleWrapper, io.cucumber.testng.FeatureWrapper)[pri:0, instance:hw3.RunTestEx2@4dc27487]" started-at="2021-05-13T19:30:39Z" name="runScenario" description="Runs Cucumber Scenarios" data-provider="scenarios" finished-at="2021-05-13T19:30:42Z" duration-ms="3454" status="PASS">
          <params>
            <param index="0">
              <value>
                <![CDATA["Close browser"]]>
              </value>
            </param>
            <param index="1">
              <value>
                <![CDATA["Optional[feature file for exercise 2]"]]>
              </value>
            </param>
          </params>
          <reporter-output>
          </reporter-output>
        </test-method> <!-- runScenario -->
        <test-method is-config="true" signature="tearDownClass()[pri:0, instance:hw3.RunTestEx2@4dc27487]" started-at="2021-05-13T19:30:42Z" name="tearDownClass" finished-at="2021-05-13T19:30:42Z" duration-ms="29" status="PASS">
          <reporter-output>
          </reporter-output>
        </test-method> <!-- tearDownClass -->
      </class> <!-- hw3.RunTestEx2 -->
    </test> <!-- hw3 -->
  </suite> <!-- hw3Suite -->
</testng-results>
