<?xml version="1.0" encoding="UTF-8"?>
<!-- Generated by org.testng.reporters.JUnitXMLReporter -->
<testsuite ignored="0" hostname="DESKTOP-4J1ULF8" failures="0" tests="3" name="Sub tests" time="0.004" errors="0" timestamp="2021-03-26T12:55:53 MSK">
  <testcase classname="hw1.arithmetic.SubOperationTest" name="sumDoubleValuesTest" time="0.001"/>
  <testcase classname="hw1.arithmetic.SubOperationTest" name="sumDoubleValuesTest" time="0.0"/>
  <testcase classname="hw1.arithmetic.SubOperationTest" name="sumLongValuesTest" time="0.0"/>
</testsuite> <!-- Sub tests -->
